{
"contracts/buyable.sol":{"l":{},"path":"/home/mx/dev/terra/flowerTokens/contracts/buyable.sol","s":{},"b":{},"f":{},"fnMap":{},"statementMap":{},"branchMap":{}},
"contracts/FlowerToken.sol":{"l":{"25":0,"26":0,"33":0,"35":0,"37":0,"38":0,"39":0,"40":0,"41":0,"42":0,"43":0,"44":0,"48":0,"49":0,"50":0,"51":0,"52":0,"58":0,"59":0,"60":0,"61":0,"68":0,"70":0,"72":0,"76":0,"79":0},"path":"/home/mx/dev/terra/flowerTokens/contracts/FlowerToken.sol","s":{"1":0,"2":0,"3":0,"4":0,"5":0,"6":0,"7":0,"8":0,"9":0,"10":0,"11":0,"12":0,"13":0,"14":0,"15":0,"16":0,"17":0,"18":0,"19":0,"20":0,"21":0,"22":0,"23":0,"24":0,"25":0,"26":0},"b":{"1":[0,0],"2":[0,0],"3":[0,0],"4":[0,0],"5":[0,0],"6":[0,0],"7":[0,0],"8":[0,0]},"f":{"1":0,"2":0,"3":0,"4":0,"5":0,"6":0},"fnMap":{"1":{"name":"constructor","line":24,"loc":{"start":{"line":24,"column":4},"end":{"line":30,"column":4}}},"2":{"name":"convertToNew","line":32,"loc":{"start":{"line":32,"column":4},"end":{"line":55,"column":4}}},"3":{"name":"convertToOld","line":57,"loc":{"start":{"line":57,"column":4},"end":{"line":62,"column":4}}},"4":{"name":"transferFrom","line":67,"loc":{"start":{"line":67,"column":4},"end":{"line":73,"column":4}}},"5":{"name":"updateMetadata","line":75,"loc":{"start":{"line":75,"column":4},"end":{"line":77,"column":4}}},"6":{"name":"tokenURI","line":78,"loc":{"start":{"line":78,"column":4},"end":{"line":80,"column":4}}}},"statementMap":{"1":{"start":{"line":25,"column":8},"end":{"line":25,"column":27}},"2":{"start":{"line":26,"column":8},"end":{"line":26,"column":23}},"3":{"start":{"line":33,"column":8},"end":{"line":33,"column":123}},"4":{"start":{"line":35,"column":8},"end":{"line":35,"column":38}},"5":{"start":{"line":37,"column":8},"end":{"line":37,"column":1106}},"6":{"start":{"line":38,"column":12},"end":{"line":38,"column":50}},"7":{"start":{"line":39,"column":12},"end":{"line":39,"column":32}},"8":{"start":{"line":40,"column":12},"end":{"line":40,"column":66}},"9":{"start":{"line":41,"column":12},"end":{"line":41,"column":36}},"10":{"start":{"line":42,"column":12},"end":{"line":42,"column":51}},"11":{"start":{"line":43,"column":12},"end":{"line":43,"column":1393}},"12":{"start":{"line":44,"column":16},"end":{"line":44,"column":59}},"13":{"start":{"line":48,"column":12},"end":{"line":48,"column":66}},"14":{"start":{"line":49,"column":12},"end":{"line":49,"column":36}},"15":{"start":{"line":50,"column":12},"end":{"line":50,"column":51}},"16":{"start":{"line":51,"column":12},"end":{"line":51,"column":1725}},"17":{"start":{"line":52,"column":16},"end":{"line":52,"column":59}},"18":{"start":{"line":58,"column":8},"end":{"line":58,"column":116}},"19":{"start":{"line":59,"column":8},"end":{"line":59,"column":103}},"20":{"start":{"line":60,"column":8},"end":{"line":60,"column":52}},"21":{"start":{"line":61,"column":8},"end":{"line":61,"column":62}},"22":{"start":{"line":68,"column":8},"end":{"line":68,"column":66}},"23":{"start":{"line":70,"column":8},"end":{"line":70,"column":110}},"24":{"start":{"line":72,"column":8},"end":{"line":72,"column":35}},"25":{"start":{"line":76,"column":8},"end":{"line":76,"column":27}},"26":{"start":{"line":79,"column":8},"end":{"line":79,"column":52}}},"branchMap":{"1":{"line":33,"type":"if","locations":[{"start":{"line":33,"column":8},"end":{"line":33,"column":8}},{"start":{"line":33,"column":8},"end":{"line":33,"column":8}}]},"2":{"line":37,"type":"if","locations":[{"start":{"line":37,"column":8},"end":{"line":37,"column":8}},{"start":{"line":37,"column":8},"end":{"line":37,"column":8}}]},"3":{"line":43,"type":"if","locations":[{"start":{"line":43,"column":12},"end":{"line":43,"column":12}},{"start":{"line":43,"column":12},"end":{"line":43,"column":12}}]},"4":{"line":51,"type":"if","locations":[{"start":{"line":51,"column":12},"end":{"line":51,"column":12}},{"start":{"line":51,"column":12},"end":{"line":51,"column":12}}]},"5":{"line":58,"type":"if","locations":[{"start":{"line":58,"column":8},"end":{"line":58,"column":8}},{"start":{"line":58,"column":8},"end":{"line":58,"column":8}}]},"6":{"line":59,"type":"if","locations":[{"start":{"line":59,"column":8},"end":{"line":59,"column":8}},{"start":{"line":59,"column":8},"end":{"line":59,"column":8}}]},"7":{"line":68,"type":"if","locations":[{"start":{"line":68,"column":8},"end":{"line":68,"column":8}},{"start":{"line":68,"column":8},"end":{"line":68,"column":8}}]},"8":{"line":70,"type":"if","locations":[{"start":{"line":70,"column":8},"end":{"line":70,"column":8}},{"start":{"line":70,"column":8},"end":{"line":70,"column":8}}]}}},
"contracts/helpers/strings.sol":{"l":{"16":0,"17":0,"20":0,"21":0,"25":0,"26":0,"39":0,"40":0,"43":0,"54":0,"55":0,"56":0,"59":0,"60":0,"61":0},"path":"/home/mx/dev/terra/flowerTokens/contracts/helpers/strings.sol","s":{"1":0,"2":0,"3":0,"4":0,"5":0,"6":0,"7":0,"8":0,"9":0,"10":0,"11":0},"b":{},"f":{"1":0,"2":0,"3":0},"fnMap":{"1":{"name":"memcpy","line":14,"loc":{"start":{"line":14,"column":4},"end":{"line":31,"column":4}}},"2":{"name":"toSlice","line":38,"loc":{"start":{"line":38,"column":4},"end":{"line":44,"column":4}}},"3":{"name":"concat","line":53,"loc":{"start":{"line":53,"column":4},"end":{"line":62,"column":4}}}},"statementMap":{"1":{"start":{"line":16,"column":8},"end":{"line":16,"column":359}},"2":{"start":{"line":20,"column":12},"end":{"line":20,"column":21}},"3":{"start":{"line":21,"column":12},"end":{"line":21,"column":20}},"4":{"start":{"line":25,"column":8},"end":{"line":25,"column":41}},"5":{"start":{"line":39,"column":8},"end":{"line":39,"column":16}},"6":{"start":{"line":43,"column":8},"end":{"line":43,"column":45}},"7":{"start":{"line":54,"column":8},"end":{"line":54,"column":62}},"8":{"start":{"line":55,"column":8},"end":{"line":55,"column":19}},"9":{"start":{"line":59,"column":8},"end":{"line":59,"column":43}},"10":{"start":{"line":60,"column":8},"end":{"line":60,"column":57}},"11":{"start":{"line":61,"column":8},"end":{"line":61,"column":18}}},"branchMap":{}},
"contracts/Metadata.sol":{"l":{"13":0,"14":0,"15":0,"16":0,"17":0,"21":0,"22":0,"23":0,"24":0,"25":0,"26":0,"28":0,"29":0,"30":0,"31":0,"32":0,"33":0,"35":0,"38":0,"39":0},"path":"/home/mx/dev/terra/flowerTokens/contracts/Metadata.sol","s":{"1":0,"2":0,"3":0,"4":0,"5":0,"6":0,"7":0,"8":0,"9":0,"10":0,"11":0,"12":0,"13":0,"14":0,"15":0,"16":0,"17":0,"18":0,"19":0},"b":{"1":[0,0]},"f":{"1":0,"2":0,"3":0},"fnMap":{"1":{"name":"tokenURI","line":12,"loc":{"start":{"line":12,"column":4},"end":{"line":18,"column":4}}},"2":{"name":"uint2str","line":20,"loc":{"start":{"line":20,"column":4},"end":{"line":36,"column":4}}},"3":{"name":"toBytes","line":37,"loc":{"start":{"line":37,"column":4},"end":{"line":40,"column":4}}}},"statementMap":{"1":{"start":{"line":13,"column":8},"end":{"line":13,"column":108}},"2":{"start":{"line":14,"column":8},"end":{"line":14,"column":45}},"3":{"start":{"line":15,"column":8},"end":{"line":15,"column":36}},"4":{"start":{"line":16,"column":8},"end":{"line":16,"column":69}},"5":{"start":{"line":17,"column":8},"end":{"line":17,"column":57}},"6":{"start":{"line":21,"column":8},"end":{"line":21,"column":30}},"7":{"start":{"line":21,"column":20},"end":{"line":21,"column":30}},"8":{"start":{"line":22,"column":8},"end":{"line":22,"column":18}},"9":{"start":{"line":23,"column":8},"end":{"line":23,"column":19}},"10":{"start":{"line":24,"column":8},"end":{"line":24,"column":756}},"11":{"start":{"line":26,"column":12},"end":{"line":26,"column":18}},"12":{"start":{"line":28,"column":8},"end":{"line":28,"column":45}},"13":{"start":{"line":29,"column":8},"end":{"line":29,"column":27}},"14":{"start":{"line":30,"column":8},"end":{"line":30,"column":910}},"15":{"start":{"line":31,"column":12},"end":{"line":31,"column":36}},"16":{"start":{"line":32,"column":12},"end":{"line":32,"column":41}},"17":{"start":{"line":33,"column":12},"end":{"line":33,"column":18}},"18":{"start":{"line":35,"column":8},"end":{"line":35,"column":27}},"19":{"start":{"line":38,"column":8},"end":{"line":38,"column":24}}},"branchMap":{"1":{"line":21,"type":"if","locations":[{"start":{"line":21,"column":8},"end":{"line":21,"column":8}},{"start":{"line":21,"column":8},"end":{"line":21,"column":8}}]}}}}
