TN:
SF:/home/mx/dev/terra/flowerTokens/contracts/buyable.sol
FNF:0
FNH:0
LF:0
LH:0
BRF:0
BRH:0
end_of_record
TN:
SF:/home/mx/dev/terra/flowerTokens/contracts/FlowerToken.sol
FN:24,constructor
FN:32,convertToNew
FN:57,convertToOld
FN:67,transferFrom
FN:75,updateMetadata
FN:78,tokenURI
FNF:6
FNH:0
FNDA:0,constructor
FNDA:0,convertToNew
FNDA:0,convertToOld
FNDA:0,transferFrom
FNDA:0,updateMetadata
FNDA:0,tokenURI
DA:25,0
DA:26,0
DA:33,0
DA:35,0
DA:37,0
DA:38,0
DA:39,0
DA:40,0
DA:41,0
DA:42,0
DA:43,0
DA:44,0
DA:48,0
DA:49,0
DA:50,0
DA:51,0
DA:52,0
DA:58,0
DA:59,0
DA:60,0
DA:61,0
DA:68,0
DA:70,0
DA:72,0
DA:76,0
DA:79,0
LF:26
LH:0
BRDA:33,1,0,0
BRDA:33,1,1,0
BRDA:37,2,0,0
BRDA:37,2,1,0
BRDA:43,3,0,0
BRDA:43,3,1,0
BRDA:51,4,0,0
BRDA:51,4,1,0
BRDA:58,5,0,0
BRDA:58,5,1,0
BRDA:59,6,0,0
BRDA:59,6,1,0
BRDA:68,7,0,0
BRDA:68,7,1,0
BRDA:70,8,0,0
BRDA:70,8,1,0
BRF:16
BRH:0
end_of_record
TN:
SF:/home/mx/dev/terra/flowerTokens/contracts/helpers/strings.sol
FN:14,memcpy
FN:38,toSlice
FN:53,concat
FNF:3
FNH:0
FNDA:0,memcpy
FNDA:0,toSlice
FNDA:0,concat
DA:16,0
DA:17,0
DA:20,0
DA:21,0
DA:25,0
DA:26,0
DA:39,0
DA:40,0
DA:43,0
DA:54,0
DA:55,0
DA:56,0
DA:59,0
DA:60,0
DA:61,0
LF:15
LH:0
BRF:0
BRH:0
end_of_record
TN:
SF:/home/mx/dev/terra/flowerTokens/contracts/Metadata.sol
FN:12,tokenURI
FN:20,uint2str
FN:37,toBytes
FNF:3
FNH:0
FNDA:0,tokenURI
FNDA:0,uint2str
FNDA:0,toBytes
DA:13,0
DA:14,0
DA:15,0
DA:16,0
DA:17,0
DA:21,0
DA:22,0
DA:23,0
DA:24,0
DA:25,0
DA:26,0
DA:28,0
DA:29,0
DA:30,0
DA:31,0
DA:32,0
DA:33,0
DA:35,0
DA:38,0
DA:39,0
LF:20
LH:0
BRDA:21,1,0,0
BRDA:21,1,1,0
BRF:2
BRH:0
end_of_record
